This file contains any messages produced by compilers while
running configure, to aid debugging if configure makes a mistake.

It was created by Apertium Russian-Olrat configure 0.1.0, which was
generated by GNU Autoconf 2.71.  Invocation command line was

  $ ./configure --with-lang1=../apertium-rus --with-lang2=../apertium-olr

## --------- ##
## Platform. ##
## --------- ##

hostname = fedora
uname -m = x86_64
uname -r = 6.5.6-300.fc39.x86_64
uname -s = Linux
uname -v = #1 SMP PREEMPT_DYNAMIC Fri Oct  6 19:57:21 UTC 2023

/usr/bin/uname -p = unknown
/bin/uname -X     = unknown

/bin/arch              = x86_64
/usr/bin/arch -k       = unknown
/usr/convex/getsysinfo = unknown
/usr/bin/hostinfo      = unknown
/bin/machine           = unknown
/usr/bin/oslevel       = unknown
/bin/universe          = unknown

PATH: /home/eugenia/.local/bin/
PATH: /home/eugenia/bin/
PATH: /usr/local/bin/
PATH: /usr/local/sbin/
PATH: /usr/bin/
PATH: /usr/sbin/
PATH: /usr/local/bin/


## ----------- ##
## Core tests. ##
## ----------- ##

configure:1821: looking for aux files: missing install-sh
configure:1834:  trying ./
configure:1863:   ./missing found
configure:1845:   ./install-sh found
configure:1992: checking for a BSD-compatible install
configure:2065: result: /usr/bin/install -c
configure:2076: checking whether build environment is sane
configure:2131: result: yes
configure:2290: checking for a race-free mkdir -p
configure:2334: result: /usr/bin/mkdir -p
configure:2341: checking for gawk
configure:2362: found /usr/bin/gawk
configure:2373: result: gawk
configure:2384: checking whether make sets $(MAKE)
configure:2407: result: yes
configure:2437: checking whether make supports nested variables
configure:2455: result: yes
configure:2595: checking for gawk
configure:2627: result: gawk
configure:2698: checking for pkg-config
configure:2721: found /usr/bin/pkg-config
configure:2733: result: /usr/bin/pkg-config
configure:2758: checking pkg-config is at least version 0.9.0
configure:2761: result: yes
configure:2771: checking for apertium >= 3.8.1
configure:2778: $PKG_CONFIG --exists --print-errors "apertium >= 3.8.1"
configure:2781: $? = 0
configure:2795: $PKG_CONFIG --exists --print-errors "apertium >= 3.8.1"
configure:2798: $? = 0
configure:2856: result: yes
configure:2862: checking for lttoolbox >= 3.6.9
configure:2869: $PKG_CONFIG --exists --print-errors "lttoolbox >= 3.6.9"
configure:2872: $? = 0
configure:2886: $PKG_CONFIG --exists --print-errors "lttoolbox >= 3.6.9"
configure:2889: $? = 0
configure:2947: result: yes
configure:2956: checking for cg3 >= 1.3.6
configure:2963: $PKG_CONFIG --exists --print-errors "cg3 >= 1.3.6"
configure:2966: $? = 0
configure:2980: $PKG_CONFIG --exists --print-errors "cg3 >= 1.3.6"
configure:2983: $? = 0
configure:3041: result: yes
configure:3047: checking for apertium-lex-tools >= 0.4.0
configure:3054: $PKG_CONFIG --exists --print-errors "apertium-lex-tools >= 0.4.0"
configure:3057: $? = 0
configure:3071: $PKG_CONFIG --exists --print-errors "apertium-lex-tools >= 0.4.0"
configure:3074: $? = 0
configure:3132: result: yes
configure:3159: checking for gzcat
configure:3197: result: no
configure:3159: checking for zcat
configure:3182: found /usr/bin/zcat
configure:3194: result: /usr/bin/zcat
configure:3666: checking for apertium-regtest >= 0.9.1
configure:3673: $PKG_CONFIG --exists --print-errors "apertium-regtest >= 0.9.1"
configure:3676: $? = 0
configure:3690: $PKG_CONFIG --exists --print-errors "apertium-regtest >= 0.9.1"
configure:3693: $? = 0
configure:3733: result: yes
configure:3970: checking that generated files are newer than configure
configure:3976: result: done
configure:3988: creating ./config.status

## ---------------------- ##
## Running config.status. ##
## ---------------------- ##

This file was extended by Apertium Russian-Olrat config.status 0.1.0, which was
generated by GNU Autoconf 2.71.  Invocation command line was

  CONFIG_FILES    = 
  CONFIG_HEADERS  = 
  CONFIG_LINKS    = 
  CONFIG_COMMANDS = 
  $ ./config.status 

on fedora

config.status:792: creating Makefile

## ---------------- ##
## Cache variables. ##
## ---------------- ##

ac_cv_env_APERTIUM_CFLAGS_set=
ac_cv_env_APERTIUM_CFLAGS_value=
ac_cv_env_APERTIUM_LEX_TOOLS_CFLAGS_set=
ac_cv_env_APERTIUM_LEX_TOOLS_CFLAGS_value=
ac_cv_env_APERTIUM_LEX_TOOLS_LIBS_set=
ac_cv_env_APERTIUM_LEX_TOOLS_LIBS_value=
ac_cv_env_APERTIUM_LIBS_set=
ac_cv_env_APERTIUM_LIBS_value=
ac_cv_env_APERTIUM_OLR_CFLAGS_set=
ac_cv_env_APERTIUM_OLR_CFLAGS_value=
ac_cv_env_APERTIUM_OLR_LIBS_set=
ac_cv_env_APERTIUM_OLR_LIBS_value=
ac_cv_env_APERTIUM_RUS_CFLAGS_set=
ac_cv_env_APERTIUM_RUS_CFLAGS_value=
ac_cv_env_APERTIUM_RUS_LIBS_set=
ac_cv_env_APERTIUM_RUS_LIBS_value=
ac_cv_env_AP_LIB1_set=
ac_cv_env_AP_LIB1_value=
ac_cv_env_AP_LIB2_set=
ac_cv_env_AP_LIB2_value=
ac_cv_env_AP_SRC1_set=
ac_cv_env_AP_SRC1_value=
ac_cv_env_AP_SRC2_set=
ac_cv_env_AP_SRC2_value=
ac_cv_env_AP_SUBDIRS_set=
ac_cv_env_AP_SUBDIRS_value=
ac_cv_env_CG3_CFLAGS_set=
ac_cv_env_CG3_CFLAGS_value=
ac_cv_env_CG3_LIBS_set=
ac_cv_env_CG3_LIBS_value=
ac_cv_env_LTTOOLBOX_CFLAGS_set=
ac_cv_env_LTTOOLBOX_CFLAGS_value=
ac_cv_env_LTTOOLBOX_LIBS_set=
ac_cv_env_LTTOOLBOX_LIBS_value=
ac_cv_env_PKG_CONFIG_LIBDIR_set=
ac_cv_env_PKG_CONFIG_LIBDIR_value=
ac_cv_env_PKG_CONFIG_PATH_set=set
ac_cv_env_PKG_CONFIG_PATH_value=:/usr/local/share/pkgconfig:/usr/local/lib/pkgconfig
ac_cv_env_PKG_CONFIG_set=
ac_cv_env_PKG_CONFIG_value=
ac_cv_env_REGTEST_CFLAGS_set=
ac_cv_env_REGTEST_CFLAGS_value=
ac_cv_env_REGTEST_LIBS_set=
ac_cv_env_REGTEST_LIBS_value=
ac_cv_env_build_alias_set=
ac_cv_env_build_alias_value=
ac_cv_env_host_alias_set=
ac_cv_env_host_alias_value=
ac_cv_env_target_alias_set=
ac_cv_env_target_alias_value=
ac_cv_path_ZCAT=/usr/bin/zcat
ac_cv_path_ac_pt_PKG_CONFIG=/usr/bin/pkg-config
ac_cv_path_install='/usr/bin/install -c'
ac_cv_path_mkdir=/usr/bin/mkdir
ac_cv_prog_AWK=gawk
ac_cv_prog_make_make_set=yes
am_cv_make_support_nested_variables=yes
pkg_cv_APERTIUM_CFLAGS=
pkg_cv_APERTIUM_LEX_TOOLS_CFLAGS=
pkg_cv_APERTIUM_LEX_TOOLS_LIBS=
pkg_cv_APERTIUM_LIBS=-lapertium
pkg_cv_CG3_CFLAGS=-I/usr/include/
pkg_cv_CG3_LIBS=-lcg3
pkg_cv_LTTOOLBOX_CFLAGS=
pkg_cv_LTTOOLBOX_LIBS=-llttoolbox
pkg_cv_REGTEST_CFLAGS=
pkg_cv_REGTEST_LIBS=

## ----------------- ##
## Output variables. ##
## ----------------- ##

ACLOCAL='${SHELL} '\''/home/eugenia/apertium-rus-olr/missing'\'' aclocal-1.16'
AMTAR='$${TAR-tar}'
AM_BACKSLASH='\'
AM_DEFAULT_V='$(AM_DEFAULT_VERBOSITY)'
AM_DEFAULT_VERBOSITY='1'
AM_V='$(V)'
APERTIUM_CFLAGS=''
APERTIUM_LEX_TOOLS_CFLAGS=''
APERTIUM_LEX_TOOLS_LIBS=''
APERTIUM_LIBS='-lapertium'
APERTIUM_OLR_CFLAGS=''
APERTIUM_OLR_LIBS=''
APERTIUM_RUS_CFLAGS=''
APERTIUM_RUS_LIBS=''
AP_LIB1='../apertium-rus'
AP_LIB2='../apertium-olr'
AP_SRC1='../apertium-rus'
AP_SRC2='../apertium-olr'
AP_SUBDIRS=' ../apertium-rus ../apertium-olr'
AUTOCONF='${SHELL} '\''/home/eugenia/apertium-rus-olr/missing'\'' autoconf'
AUTOHEADER='${SHELL} '\''/home/eugenia/apertium-rus-olr/missing'\'' autoheader'
AUTOMAKE='${SHELL} '\''/home/eugenia/apertium-rus-olr/missing'\'' automake-1.16'
AWK='gawk'
CG3_CFLAGS='-I/usr/include/'
CG3_LIBS='-lcg3'
CSCOPE='cscope'
CTAGS='ctags'
CYGPATH_W='echo'
DEFS='-DPACKAGE_NAME=\"Apertium\ Russian-Olrat\" -DPACKAGE_TARNAME=\"apertium-rus-olr\" -DPACKAGE_VERSION=\"0.1.0\" -DPACKAGE_STRING=\"Apertium\ Russian-Olrat\ 0.1.0\" -DPACKAGE_BUGREPORT=\"https://github.com/apertium/apertium-rus-olr/issues\" -DPACKAGE_URL=\"https://wiki.apertium.org/wiki/Apertium-rus-olr\" -DPACKAGE=\"apertium-rus-olr\" -DVERSION=\"0.1.0\"'
ECHO_C=''
ECHO_N='-n'
ECHO_T=''
ENABLE_LINTER_FALSE=''
ENABLE_LINTER_TRUE='#'
ETAGS='etags'
INSTALL_DATA='${INSTALL} -m 644'
INSTALL_PROGRAM='${INSTALL}'
INSTALL_SCRIPT='${INSTALL}'
INSTALL_STRIP_PROGRAM='$(install_sh) -c -s'
LIBOBJS=''
LIBS=''
LTLIBOBJS=''
LTTOOLBOX_CFLAGS=''
LTTOOLBOX_LIBS='-llttoolbox'
MAKEINFO='${SHELL} '\''/home/eugenia/apertium-rus-olr/missing'\'' makeinfo'
MKDIR_P='/usr/bin/mkdir -p'
PACKAGE='apertium-rus-olr'
PACKAGE_BUGREPORT='https://github.com/apertium/apertium-rus-olr/issues'
PACKAGE_NAME='Apertium Russian-Olrat'
PACKAGE_STRING='Apertium Russian-Olrat 0.1.0'
PACKAGE_TARNAME='apertium-rus-olr'
PACKAGE_URL='https://wiki.apertium.org/wiki/Apertium-rus-olr'
PACKAGE_VERSION='0.1.0'
PATH_SEPARATOR=':'
PKG_CONFIG='/usr/bin/pkg-config'
PKG_CONFIG_LIBDIR=''
PKG_CONFIG_PATH=':/usr/local/share/pkgconfig:/usr/local/lib/pkgconfig'
REGTEST_CFLAGS=''
REGTEST_LIBS=''
SET_MAKE=''
SHELL='/bin/sh'
STRIP=''
VERSION='0.1.0'
ZCAT='/usr/bin/zcat'
am__isrc=''
am__leading_dot='.'
am__tar='$${TAR-tar} chof - "$$tardir"'
am__untar='$${TAR-tar} xf -'
bindir='${exec_prefix}/bin'
build_alias=''
datadir='${datarootdir}'
datarootdir='${prefix}/share'
docdir='${datarootdir}/doc/${PACKAGE_TARNAME}'
dvidir='${docdir}'
exec_prefix='${prefix}'
host_alias=''
htmldir='${docdir}'
includedir='${prefix}/include'
infodir='${datarootdir}/info'
install_sh='${SHELL} /home/eugenia/apertium-rus-olr/install-sh'
libdir='${exec_prefix}/lib'
libexecdir='${exec_prefix}/libexec'
localedir='${datarootdir}/locale'
localstatedir='${prefix}/var'
mandir='${datarootdir}/man'
mkdir_p='$(MKDIR_P)'
oldincludedir='/usr/include'
pdfdir='${docdir}'
prefix='/usr/local'
program_transform_name='s,x,x,'
psdir='${docdir}'
runstatedir='${localstatedir}/run'
sbindir='${exec_prefix}/sbin'
sharedstatedir='${prefix}/com'
sysconfdir='${prefix}/etc'
target_alias=''

## ------------------- ##
## File substitutions. ##
## ------------------- ##

ap_include='./ap_include.am'

## ----------- ##
## confdefs.h. ##
## ----------- ##

/* confdefs.h */
#define PACKAGE_NAME "Apertium Russian-Olrat"
#define PACKAGE_TARNAME "apertium-rus-olr"
#define PACKAGE_VERSION "0.1.0"
#define PACKAGE_STRING "Apertium Russian-Olrat 0.1.0"
#define PACKAGE_BUGREPORT "https://github.com/apertium/apertium-rus-olr/issues"
#define PACKAGE_URL "https://wiki.apertium.org/wiki/Apertium-rus-olr"
#define PACKAGE "apertium-rus-olr"
#define VERSION "0.1.0"

configure: exit 0
